0 info it worked if it ends with ok
1 verbose cli [ '/usr/bin/nodejs', '/usr/bin/npm', 'run-script', 'run' ]
2 info using npm@3.10.10
3 info using node@v6.9.4
4 verbose run-script [ 'prerun', 'run', 'postrun' ]
5 info lifecycle initialxy-irswitch-frontend@0.0.0~prerun: initialxy-irswitch-frontend@0.0.0
6 silly lifecycle initialxy-irswitch-frontend@0.0.0~prerun: no script for prerun, continuing
7 info lifecycle initialxy-irswitch-frontend@0.0.0~run: initialxy-irswitch-frontend@0.0.0
8 verbose lifecycle initialxy-irswitch-frontend@0.0.0~run: unsafe-perm in lifecycle true
9 verbose lifecycle initialxy-irswitch-frontend@0.0.0~run: PATH: /usr/lib/node_modules/npm/bin/node-gyp-bin:/home/pi/initialxy-irswitch/frontend/node_modules/.bin:/home/pi/initialxy-irswitch/bin:/usr/local/sbin:/usr/local/bin:/usr/sbin:/usr/bin:/sbin:/bin:/usr/local/games:/usr/games
10 verbose lifecycle initialxy-irswitch-frontend@0.0.0~run: CWD: /home/pi/initialxy-irswitch/frontend
11 silly lifecycle initialxy-irswitch-frontend@0.0.0~run: Args: [ '-c', 'webpack --watch' ]
12 silly lifecycle initialxy-irswitch-frontend@0.0.0~run: Returned: code: 1  signal: null
13 info lifecycle initialxy-irswitch-frontend@0.0.0~run: Failed to exec run script
14 verbose stack Error: initialxy-irswitch-frontend@0.0.0 run: `webpack --watch`
14 verbose stack Exit status 1
14 verbose stack     at EventEmitter.<anonymous> (/usr/lib/node_modules/npm/lib/utils/lifecycle.js:255:16)
14 verbose stack     at emitTwo (events.js:106:13)
14 verbose stack     at EventEmitter.emit (events.js:191:7)
14 verbose stack     at ChildProcess.<anonymous> (/usr/lib/node_modules/npm/lib/utils/spawn.js:40:14)
14 verbose stack     at emitTwo (events.js:106:13)
14 verbose stack     at ChildProcess.emit (events.js:191:7)
14 verbose stack     at maybeClose (internal/child_process.js:877:16)
14 verbose stack     at Process.ChildProcess._handle.onexit (internal/child_process.js:226:5)
15 verbose pkgid initialxy-irswitch-frontend@0.0.0
16 verbose cwd /home/pi/initialxy-irswitch/frontend
17 error Linux 4.4.38-v7+
18 error argv "/usr/bin/nodejs" "/usr/bin/npm" "run-script" "run"
19 error node v6.9.4
20 error npm  v3.10.10
21 error code ELIFECYCLE
22 error initialxy-irswitch-frontend@0.0.0 run: `webpack --watch`
22 error Exit status 1
23 error Failed at the initialxy-irswitch-frontend@0.0.0 run script 'webpack --watch'.
23 error Make sure you have the latest version of node.js and npm installed.
23 error If you do, this is most likely a problem with the initialxy-irswitch-frontend package,
23 error not with npm itself.
23 error Tell the author that this fails on your system:
23 error     webpack --watch
23 error You can get information on how to open an issue for this project with:
23 error     npm bugs initialxy-irswitch-frontend
23 error Or if that isn't available, you can get their info via:
23 error     npm owner ls initialxy-irswitch-frontend
23 error There is likely additional logging output above.
24 verbose exit [ 1, true ]
